2020-03-11 18:29:24 I S001_Shell_001.sh S001_Shell_001.sh is start
2020-03-11 18:29:24 I S001_Shell_001.sh get idleuser start.
2020-03-11 18:29:24 I S001_Shell_001.sh db select start.
2020-03-11 18:37:56 I S001_Shell_001.sh S001_Shell_001.sh is start
2020-03-11 18:37:56 I S001_Shell_001.sh get idleuser start.
2020-03-11 18:37:56 I S001_Shell_001.sh db select start.
2020-03-11 19:01:40 I S001_Shell_001.sh S001_Shell_001.sh is start
2020-03-11 19:01:40 I S001_Shell_001.sh get idleuser start.
2020-03-11 19:01:40 I S001_Shell_001.sh db select start.
2020-03-11 19:11:50 I S001_Shell_001.sh S001_Shell_001.sh is start
2020-03-11 19:11:50 I S001_Shell_001.sh get idleuser start.
2020-03-11 19:11:50 I S001_Shell_001.sh db select start.
2020-03-11 19:46:20 I S001_Shell_001.sh S001_Shell_001.sh is start
2020-03-11 19:46:20 E S001_Shell_001.sh Argument is not input correctly.
2020-03-11 19:46:20 E S001_Shell_001.sh Usage：S001_Shell_001.sh <jobId> <ticketNumber> <token-success> <token-failed> <info> <job_token>
2020-03-11 19:51:36 I S001_Shell_001.sh S001_Shell_001.sh is start
2020-03-11 19:51:36 I S001_Shell_001.sh get idleuser start.
2020-03-11 19:51:36 I S001_Shell_001.sh db select start.
2020-03-11 19:58:00 I S001_Shell_001.sh S001_Shell_001.sh is start
2020-03-11 19:58:00 I S001_Shell_001.sh get idleuser start.
2020-03-11 19:58:00 I S001_Shell_001.sh db select start.
2020-03-11 20:00:28 I S001_Shell_001.sh S001_Shell_001.sh is start
2020-03-11 20:00:28 I S001_Shell_001.sh get idleuser start.
2020-03-11 20:00:28 I S001_Shell_001.sh db select start.
2020-03-11 20:07:47 I S001_Shell_001.sh S001_Shell_001.sh is start
2020-03-11 20:07:47 I S001_Shell_001.sh get idleuser start.
2020-03-11 20:07:47 I S001_Shell_001.sh db select start.
2020-03-11 20:27:08 I S001_Shell_001.sh S001_Shell_001.sh is start
2020-03-11 20:27:08 I S001_Shell_001.sh get idleuser start.
2020-03-11 20:27:08 I S001_Shell_001.sh db select start.
2020-03-11 20:28:08 I S001_Shell_001.sh S001_Shell_001.sh is start
2020-03-11 20:28:08 I S001_Shell_001.sh get idleuser start.
2020-03-11 20:28:08 I S001_Shell_001.sh db select start.
2020-03-11 20:33:54 I S001_Shell_001.sh S001_Shell_001.sh is start
2020-03-11 20:33:54 I S001_Shell_001.sh get idleuser start.
2020-03-11 20:33:54 I S001_Shell_001.sh db select start.
2020-03-11 20:43:39 I S001_Shell_001.sh S001_Shell_001.sh is start
2020-03-11 20:43:39 I S001_Shell_001.sh get idleuser start.
2020-03-11 20:43:39 I S001_Shell_001.sh db select start.
2020-03-12 15:26:01 I S001_Shell_001.sh S001_Shell_001.sh is start
2020-03-12 15:26:01 I S001_Shell_001.sh get idleuser start.
2020-03-12 15:26:01 I S001_Shell_001.sh db select start.
2020-03-12 15:29:43 I S001_Shell_001.sh S001_Shell_001.sh is start
2020-03-12 15:29:43 I S001_Shell_001.sh get idleuser start.
2020-03-12 15:29:43 I S001_Shell_001.sh db select start.
2020-03-12 15:55:32 I S001_Shell_001.sh S001_Shell_001.sh is start
2020-03-12 15:55:32 I S001_Shell_001.sh get idleuser start.
2020-03-12 15:55:32 I S001_Shell_001.sh db select start.
2020-03-13 11:22:49 I S001_Shell_001.sh S001_Shell_001.sh is start
2020-03-13 11:22:49 I S001_Shell_001.sh get idleuser start.
2020-03-13 11:22:49 I S001_Shell_001.sh db select start.
2020-03-13 11:25:34 I S001_Shell_001.sh S001_Shell_001.sh is start
2020-03-13 11:25:34 I S001_Shell_001.sh get idleuser start.
2020-03-13 11:25:34 I S001_Shell_001.sh db select start.
2020-03-13 11:27:06 I S001_Shell_001.sh S001_Shell_001.sh is start
2020-03-13 11:27:06 I S001_Shell_001.sh get idleuser start.
2020-03-13 11:27:07 I S001_Shell_001.sh db select start.
2020-03-13 12:00:47 I S001_Shell_001.sh S001_Shell_001.sh is start
2020-03-13 12:00:47 I S001_Shell_001.sh get idleuser start.
2020-03-13 12:00:47 I S001_Shell_001.sh db select start.
2020-03-13 12:03:38 I S001_Shell_001.sh S001_Shell_001.sh is start
2020-03-13 12:03:38 I S001_Shell_001.sh get idleuser start.
2020-03-13 12:03:39 I S001_Shell_001.sh db select start.
2020-03-13 12:06:20 I S001_Shell_001.sh S001_Shell_001.sh is start
2020-03-13 12:06:20 I S001_Shell_001.sh get idleuser start.
2020-03-13 12:06:20 I S001_Shell_001.sh db select start.
2020-03-13 12:08:24 I S001_Shell_001.sh S001_Shell_001.sh is start
2020-03-13 12:08:24 I S001_Shell_001.sh get idleuser start.
2020-03-13 12:08:24 I S001_Shell_001.sh db select start.
2020-03-13 12:20:13 I S001_Shell_001.sh S001_Shell_001.sh is start
2020-03-13 12:20:13 I S001_Shell_001.sh get idleuser start.
2020-03-13 12:20:13 I S001_Shell_001.sh db select start.
2020-03-13 12:37:23 I S001_Shell_001.sh S001_Shell_001.sh is start
2020-03-13 12:37:23 I S001_Shell_001.sh get idleuser start.
2020-03-13 12:37:23 I S001_Shell_001.sh db select start.
2020-03-13 12:52:50 I S001_Shell_001.sh S001_Shell_001.sh is start
2020-03-13 12:52:50 I S001_Shell_001.sh get idleuser start.
2020-03-13 12:52:50 I S001_Shell_001.sh db select start.
2020-03-13 13:23:13 I S001_Shell_001.sh S001_Shell_001.sh is start
2020-03-13 13:23:13 I S001_Shell_001.sh get idleuser start.
2020-03-13 13:23:13 I S001_Shell_001.sh db select start.
2020-03-13 13:30:10 I S001_Shell_001.sh S001_Shell_001.sh is start
2020-03-13 13:30:10 I S001_Shell_001.sh get idleuser start.
2020-03-13 13:30:10 I S001_Shell_001.sh db select start.
2020-03-13 13:42:54 I S001_Shell_001.sh S001_Shell_001.sh is start
2020-03-13 13:42:54 I S001_Shell_001.sh get idleuser start.
2020-03-13 13:42:54 I S001_Shell_001.sh db select start.
2020-03-13 13:45:56 I S001_Shell_001.sh S001_Shell_001.sh is start
2020-03-13 13:45:56 I S001_Shell_001.sh get idleuser start.
2020-03-13 13:45:56 I S001_Shell_001.sh db select start.
2020-03-13 13:49:05 I S001_Shell_001.sh S001_Shell_001.sh is start
2020-03-13 13:49:05 I S001_Shell_001.sh get idleuser start.
2020-03-13 13:49:06 I S001_Shell_001.sh db select start.
2020-03-13 13:52:03 I S001_Shell_001.sh S001_Shell_001.sh is start
2020-03-13 13:52:03 I S001_Shell_001.sh get idleuser start.
2020-03-13 13:52:03 I S001_Shell_001.sh db select start.
2020-03-13 13:57:53 I S001_Shell_001.sh S001_Shell_001.sh is start
2020-03-13 13:57:53 I S001_Shell_001.sh get idleuser start.
2020-03-13 13:57:53 I S001_Shell_001.sh db select start.
2020-03-13 14:05:01 I S001_Shell_001.sh S001_Shell_001.sh is start
2020-03-13 14:05:01 I S001_Shell_001.sh get idleuser start.
2020-03-13 14:05:01 I S001_Shell_001.sh db select start.
2020-03-13 14:20:57 I S001_Shell_001.sh S001_Shell_001.sh is start
2020-03-13 14:20:57 I S001_Shell_001.sh get idleuser start.
2020-03-13 14:20:57 I S001_Shell_001.sh db select start.
2020-03-13 14:36:31 I S001_Shell_001.sh S001_Shell_001.sh is start
2020-03-13 14:36:31 I S001_Shell_001.sh get idleuser start.
2020-03-13 14:36:31 I S001_Shell_001.sh db select start.
2020-03-13 14:52:42 I S001_Shell_001.sh S001_Shell_001.sh is start
2020-03-13 14:52:42 I S001_Shell_001.sh get idleuser start.
2020-03-13 14:52:43 I S001_Shell_001.sh db select start.
2020-03-13 15:31:37 I S001_Shell_001.sh S001_Shell_001.sh is start
2020-03-13 15:31:37 I S001_Shell_001.sh get idleuser start.
2020-03-13 15:31:37 I S001_Shell_001.sh db select start.
2020-03-13 15:42:38 I S001_Shell_001.sh S001_Shell_001.sh is start
2020-03-13 15:42:38 I S001_Shell_001.sh get idleuser start.
2020-03-13 15:42:38 I S001_Shell_001.sh db select start.
2020-03-13 15:58:39 I S001_Shell_001.sh S001_Shell_001.sh is start
2020-03-13 15:58:39 I S001_Shell_001.sh get idleuser start.
2020-03-13 15:58:40 I S001_Shell_001.sh db select start.
2020-03-13 16:56:54 I S001_Shell_001.sh S001_Shell_001.sh is start
2020-03-13 16:56:54 I S001_Shell_001.sh get idleuser start.
2020-03-13 16:56:54 I S001_Shell_001.sh db select start.
2020-03-13 17:05:22 I S001_Shell_001.sh S001_Shell_001.sh is start
2020-03-13 17:05:22 I S001_Shell_001.sh get idleuser start.
2020-03-13 17:05:22 I S001_Shell_001.sh db select start.
2020-03-16 16:47:49 I S001_Shell_001.sh S001_Shell_001.sh is start
2020-03-16 16:47:49 I S001_Shell_001.sh get idleuser start.
2020-03-16 16:47:49 I S001_Shell_001.sh db select start.
2020-03-16 17:14:52 I S001_Shell_001.sh S001_Shell_001.sh is start
2020-03-16 17:14:52 I S001_Shell_001.sh get idleuser start.
2020-03-16 17:14:52 I S001_Shell_001.sh db select start.
2020-03-16 17:42:28 I S001_Shell_001.sh S001_Shell_001.sh is start
2020-03-16 17:42:28 I S001_Shell_001.sh get idleuser start.
2020-03-16 17:42:28 I S001_Shell_001.sh db select start.
2020-03-17 11:13:12 I S001_Shell_001.sh S001_Shell_001.sh is start
2020-03-17 11:13:12 I S001_Shell_001.sh get idleuser start.
2020-03-17 11:13:12 I S001_Shell_001.sh db select start.
2020-03-17 11:35:19 I S001_Shell_001.sh S001_Shell_001.sh is start
2020-03-17 11:35:20 I S001_Shell_001.sh get idleuser start.
2020-03-17 11:35:20 I S001_Shell_001.sh db select start.
2020-03-17 11:48:25 I S001_Shell_001.sh S001_Shell_001.sh is start
2020-03-17 11:48:25 I S001_Shell_001.sh get idleuser start.
2020-03-17 11:48:25 I S001_Shell_001.sh db select start.
2020-03-17 12:02:12 I S001_Shell_001.sh S001_Shell_001.sh is start
2020-03-17 12:02:12 I S001_Shell_001.sh get idleuser start.
2020-03-17 12:02:12 I S001_Shell_001.sh db select start.
2020-03-18 12:10:22 I S001_Shell_001.sh S001_Shell_001.sh is start
2020-03-18 12:10:22 I S001_Shell_001.sh get idleuser start.
2020-03-18 12:10:22 I S001_Shell_001.sh db select start.
2020-03-18 12:30:13 I S001_Shell_001.sh S001_Shell_001.sh is start
2020-03-18 12:30:13 I S001_Shell_001.sh get idleuser start.
2020-03-18 12:30:13 I S001_Shell_001.sh db select start.
2020-03-18 12:50:03 I S001_Shell_001.sh S001_Shell_001.sh is start
2020-03-18 12:50:03 I S001_Shell_001.sh get idleuser start.
2020-03-18 12:50:03 I S001_Shell_001.sh db select start.
2020-03-18 17:37:56 I S001_Shell_001.sh S001_Shell_001.sh is start
2020-03-18 17:37:56 I S001_Shell_001.sh get idleuser start.
2020-03-18 17:37:56 I S001_Shell_001.sh db select start.
2020-03-18 17:42:40 I S001_Shell_001.sh S001_Shell_001.sh is start
2020-03-18 17:42:40 I S001_Shell_001.sh get idleuser start.
2020-03-18 17:42:40 I S001_Shell_001.sh db select start.
2020-03-19 14:59:52 I S001_Shell_001.sh S001_Shell_001.sh is start
2020-03-19 14:59:52 I S001_Shell_001.sh get idleuser start.
2020-03-19 14:59:52 I S001_Shell_001.sh db select start.
2020-03-19 15:12:36 I S001_Shell_001.sh S001_Shell_001.sh is start
2020-03-19 15:12:36 I S001_Shell_001.sh get idleuser start.
2020-03-19 15:12:36 I S001_Shell_001.sh db select start.
2020-03-19 15:23:38 I S001_Shell_001.sh S001_Shell_001.sh is start
2020-03-19 15:23:38 I S001_Shell_001.sh get idleuser start.
2020-03-19 15:23:38 I S001_Shell_001.sh db select start.
2020-03-19 15:31:21 I S001_Shell_001.sh S001_Shell_001.sh is start
2020-03-19 15:31:21 I S001_Shell_001.sh get idleuser start.
2020-03-19 15:31:21 I S001_Shell_001.sh db select start.
2020-03-19 15:39:44 I S001_Shell_001.sh S001_Shell_001.sh is start
2020-03-19 15:39:44 I S001_Shell_001.sh get idleuser start.
2020-03-19 15:39:44 I S001_Shell_001.sh db select start.
2020-03-19 15:55:38 I S001_Shell_001.sh S001_Shell_001.sh is start
2020-03-19 15:55:38 I S001_Shell_001.sh get idleuser start.
2020-03-19 15:55:38 I S001_Shell_001.sh db select start.
2020-03-20 13:00:37 I S001_Shell_001.sh S001_Shell_001.sh is start
2020-03-20 13:00:37 I S001_Shell_001.sh get idleuser start.
2020-03-20 13:00:37 I S001_Shell_001.sh db select start.
2020-03-23 12:00:39 I S001_Shell_001.sh S001_Shell_001.sh is start
2020-03-23 12:00:39 I S001_Shell_001.sh get idleuser start.
2020-03-23 12:00:39 I S001_Shell_001.sh db select start.
2020-03-23 13:51:21 I S001_Shell_001.sh S001_Shell_001.sh is start
2020-03-23 13:51:21 I S001_Shell_001.sh get idleuser start.
2020-03-23 13:51:21 I S001_Shell_001.sh db select start.
2020-03-23 13:56:24 I S001_Shell_001.sh S001_Shell_001.sh is start
2020-03-23 13:56:24 I S001_Shell_001.sh get idleuser start.
2020-03-23 13:56:24 I S001_Shell_001.sh db select start.
2020-03-23 14:06:24 I S001_Shell_001.sh S001_Shell_001.sh is start
2020-03-23 14:06:24 I S001_Shell_001.sh get idleuser start.
2020-03-23 14:06:24 I S001_Shell_001.sh db select start.
2020-03-23 14:12:22 I S001_Shell_001.sh S001_Shell_001.sh is start
2020-03-23 14:12:22 I S001_Shell_001.sh get idleuser start.
2020-03-23 14:12:22 I S001_Shell_001.sh db select start.
2020-03-23 14:52:26 I S001_Shell_001.sh S001_Shell_001.sh is start
2020-03-23 14:52:26 I S001_Shell_001.sh get idleuser start.
2020-03-23 14:52:26 I S001_Shell_001.sh db select start.
2020-03-23 14:59:27 I S001_Shell_001.sh S001_Shell_001.sh is start
2020-03-23 14:59:27 I S001_Shell_001.sh get idleuser start.
2020-03-23 14:59:27 I S001_Shell_001.sh db select start.
2020-03-23 15:08:30 I S001_Shell_001.sh S001_Shell_001.sh is start
2020-03-23 15:08:30 I S001_Shell_001.sh get idleuser start.
2020-03-23 15:08:30 I S001_Shell_001.sh db select start.
2020-03-23 15:12:29 I S001_Shell_001.sh S001_Shell_001.sh is start
2020-03-23 15:12:29 I S001_Shell_001.sh get idleuser start.
2020-03-23 15:12:29 I S001_Shell_001.sh db select start.
2020-03-23 15:15:32 I S001_Shell_001.sh S001_Shell_001.sh is start
2020-03-23 15:15:32 I S001_Shell_001.sh get idleuser start.
2020-03-23 15:15:32 I S001_Shell_001.sh db select start.
2020-03-23 15:37:33 I S001_Shell_001.sh S001_Shell_001.sh is start
2020-03-23 15:37:33 I S001_Shell_001.sh get idleuser start.
2020-03-23 15:37:33 I S001_Shell_001.sh db select start.
2020-03-23 16:20:36 I S001_Shell_001.sh S001_Shell_001.sh is start
2020-03-23 16:20:36 I S001_Shell_001.sh get idleuser start.
2020-03-23 16:20:36 I S001_Shell_001.sh db select start.
2020-03-23 16:53:11 I S001_Shell_001.sh S001_Shell_001.sh is start
2020-03-23 16:53:11 I S001_Shell_001.sh get idleuser start.
2020-03-23 16:53:11 I S001_Shell_001.sh db select start.
2020-03-23 17:20:40 I S001_Shell_001.sh S001_Shell_001.sh is start
2020-03-23 17:20:40 I S001_Shell_001.sh get idleuser start.
2020-03-23 17:20:40 I S001_Shell_001.sh db select start.
2020-03-23 17:38:41 I S001_Shell_001.sh S001_Shell_001.sh is start
2020-03-23 17:38:41 I S001_Shell_001.sh get idleuser start.
2020-03-23 17:38:41 I S001_Shell_001.sh db select start.
2020-03-23 18:10:00 I S001_Shell_001.sh S001_Shell_001.sh is start
2020-03-23 18:10:00 I S001_Shell_001.sh get idleuser start.
2020-03-23 18:10:00 I S001_Shell_001.sh db select start.
2020-03-23 18:37:47 I S001_Shell_001.sh S001_Shell_001.sh is start
2020-03-23 18:37:47 I S001_Shell_001.sh get idleuser start.
2020-03-23 18:37:47 I S001_Shell_001.sh db select start.
2020-03-24 11:13:12 I S001_Shell_001.sh S001_Shell_001.sh is start
2020-03-24 11:13:12 I S001_Shell_001.sh get idleuser start.
2020-03-24 11:13:12 I S001_Shell_001.sh db select start.
2020-03-24 11:37:14 I S001_Shell_001.sh S001_Shell_001.sh is start
2020-03-24 11:37:14 I S001_Shell_001.sh get idleuser start.
2020-03-24 11:37:14 I S001_Shell_001.sh db select start.
2020-03-24 11:51:16 I S001_Shell_001.sh S001_Shell_001.sh is start
2020-03-24 11:51:16 I S001_Shell_001.sh get idleuser start.
2020-03-24 11:51:16 I S001_Shell_001.sh db select start.
2020-03-24 12:09:17 I S001_Shell_001.sh S001_Shell_001.sh is start
2020-03-24 12:09:17 I S001_Shell_001.sh get idleuser start.
2020-03-24 12:09:17 I S001_Shell_001.sh db select start.
2020-03-24 15:12:56 I S001_Shell_001.sh S001_Shell_001.sh is start
2020-03-24 15:12:56 I S001_Shell_001.sh get idleuser start.
2020-03-24 15:12:56 I S001_Shell_001.sh db select start.
2020-03-24 17:55:48 I S001_Shell_001.sh S001_Shell_001.sh is start
2020-03-24 17:55:48 I S001_Shell_001.sh get idleuser start.
2020-03-24 17:55:48 I S001_Shell_001.sh db select start.
2020-03-24 18:10:46 I S001_Shell_001.sh S001_Shell_001.sh is start
2020-03-24 18:10:46 I S001_Shell_001.sh get idleuser start.
2020-03-24 18:10:46 I S001_Shell_001.sh db select start.
2020-03-25 11:20:04 I S001_Shell_001.sh S001_Shell_001.sh is start
2020-03-25 11:20:05 I S001_Shell_001.sh get idleuser start.
2020-03-25 11:20:05 I S001_Shell_001.sh db select start.
2020-03-25 11:20:37 I S001_Shell_001.sh S001_Shell_001.sh is start
2020-03-25 11:20:37 I S001_Shell_001.sh get idleuser start.
2020-03-25 11:20:37 I S001_Shell_001.sh db select start.
2020-03-25 12:07:04 I S001_Shell_001.sh S001_Shell_001.sh is start
2020-03-25 12:07:04 I S001_Shell_001.sh get idleuser start.
2020-03-25 12:07:04 I S001_Shell_001.sh db select start.
2020-03-25 13:40:16 I S001_Shell_001.sh S001_Shell_001.sh is start
2020-03-25 13:40:16 I S001_Shell_001.sh get idleuser start.
2020-03-25 13:40:16 I S001_Shell_001.sh db select start.
2020-03-25 14:37:00 I S001_Shell_001.sh S001_Shell_001.sh is start
2020-03-25 14:37:00 I S001_Shell_001.sh get idleuser start.
2020-03-25 14:37:00 I S001_Shell_001.sh db select start.
2020-03-25 14:50:45 I S001_Shell_001.sh S001_Shell_001.sh is start
2020-03-25 14:50:45 I S001_Shell_001.sh get idleuser start.
2020-03-25 14:50:45 I S001_Shell_001.sh db select start.
2020-03-25 15:07:59 I S001_Shell_001.sh S001_Shell_001.sh is start
2020-03-25 15:07:59 I S001_Shell_001.sh get idleuser start.
2020-03-25 15:07:59 I S001_Shell_001.sh db select start.
2020-03-26 11:20:42 I S001_Shell_001.sh S001_Shell_001.sh is start
2020-03-26 11:20:42 I S001_Shell_001.sh get idleuser start.
2020-03-26 11:20:42 I S001_Shell_001.sh db select start.
2020-03-26 12:14:27 I S001_Shell_001.sh S001_Shell_001.sh is start
2020-03-26 12:14:27 I S001_Shell_001.sh get idleuser start.
2020-03-26 12:14:27 I S001_Shell_001.sh db select start.
2020-03-26 12:17:26 I S001_Shell_001.sh S001_Shell_001.sh is start
2020-03-26 12:17:26 I S001_Shell_001.sh get idleuser start.
2020-03-26 12:17:26 I S001_Shell_001.sh db select start.
2020-03-26 12:20:25 I S001_Shell_001.sh S001_Shell_001.sh is start
2020-03-26 12:20:25 I S001_Shell_001.sh get idleuser start.
2020-03-26 12:20:25 I S001_Shell_001.sh db select start.
