2020-03-25 12:07:04 I S001_Shell_002.sh S001_Shell_002.sh is start.
2020-03-25 13:40:16 I S001_Shell_002.sh S001_Shell_002.sh is start.
2020-03-25 13:54:12 I S001_Shell_002.sh S001_Shell_002.sh is start.
2020-03-25 14:16:06 I S001_Shell_002.sh S001_Shell_002.sh is start.
2020-03-25 14:37:00 I S001_Shell_002.sh S001_Shell_002.sh is start.
2020-03-25 14:50:45 I S001_Shell_002.sh S001_Shell_002.sh is start.
2020-03-25 15:07:59 I S001_Shell_002.sh S001_Shell_002.sh is start.
2020-03-25 15:08:19 I S001_Shell_002.sh monitoring is start
2020-03-25 15:08:19 I S001_Shell_002.sh process of S001_Shell_001'sql_select_pre.sh doesn't exist any more.
2020-03-25 15:08:19 I S001_Shell_002.sh 19548 is over.
2020-03-25 15:08:20 I S001_Shell_002.sh S001_Shell_002.sh is end.
2020-03-26 11:20:42 I S001_Shell_002.sh S001_Shell_002.sh is start.
2020-03-26 11:21:02 I S001_Shell_002.sh monitoring is start
2020-03-26 11:21:02 I S001_Shell_002.sh process of S001_Shell_001'sql_select_pre.sh doesn't exist any more.
2020-03-26 11:21:02 I S001_Shell_002.sh 418 is over.
2020-03-26 11:21:02 I S001_Shell_002.sh S001_Shell_002.sh is end.
2020-03-26 12:14:27 I S001_Shell_002.sh S001_Shell_002.sh is start.
2020-03-26 12:14:47 I S001_Shell_002.sh monitoring is start
2020-03-26 12:14:47 I S001_Shell_002.sh process of S001_Shell_001'sql_select_pre.sh doesn't exist any more.
2020-03-26 12:14:47 I S001_Shell_002.sh 13929 is over.
2020-03-26 12:14:47 I S001_Shell_002.sh S001_Shell_002.sh is end.
2020-03-26 12:17:26 I S001_Shell_002.sh S001_Shell_002.sh is start.
2020-03-26 12:17:46 I S001_Shell_002.sh monitoring is start
2020-03-26 12:17:46 I S001_Shell_002.sh process of S001_Shell_001'sql_select_pre.sh doesn't exist any more.
2020-03-26 12:17:46 I S001_Shell_002.sh 23098 is over.
2020-03-26 12:17:46 I S001_Shell_002.sh S001_Shell_002.sh is end.
2020-03-26 12:20:25 I S001_Shell_002.sh S001_Shell_002.sh is start.
2020-03-26 12:20:45 I S001_Shell_002.sh monitoring is start
2020-03-26 12:20:45 I S001_Shell_002.sh process of S001_Shell_001'sql_select_pre.sh doesn't exist any more.
2020-03-26 12:20:45 I S001_Shell_002.sh 31558 is over.
2020-03-26 12:20:45 I S001_Shell_002.sh S001_Shell_002.sh is end.
