2020-03-23 11:26:32 I S002_Shell_001.sh S002_Shell_001.sh is start
2020-03-23 11:26:32 E S002_Shell_001.sh Argument is not input correctly.
2020-03-23 11:26:32 E S002_Shell_001.sh Usage：../shell/S002_Shell_001.sh <jobId> <ticketNumber> <token-success> <token-failed> <info> <job_token>
2020-03-23 11:26:32 I S002_Shell_001.sh 正常終了: date '+%Y-%m-%d %H:%M:%S'
2020-03-23 11:28:19 I S002_Shell_001.sh S002_Shell_001.sh is start
2020-03-23 11:28:19 E S002_Shell_001.sh Argument is not input correctly.
2020-03-23 11:28:19 E S002_Shell_001.sh Usage：../shell/S002_Shell_001.sh <jobId> <ticketNumber> <token-success> <token-failed> <info> <job_token>
2020-03-23 11:28:20 I S002_Shell_001.sh 正常終了: date '+%Y-%m-%d %H:%M:%S'
2020-03-23 11:29:34 I S002_Shell_001.sh S002_Shell_001.sh is start
2020-03-23 11:29:34 I S002_Shell_001.sh get idleuser start.
2020-03-23 11:29:34 I S002_Shell_001.sh db update start.
2020-03-23 11:29:34 I S002_Shell_001.sh sql_log_name_1=/workhome/itcc/work/temp/sql_update__1.log
2020-03-23 11:29:34 I S002_Shell_001.sh sql_log_name_2=/workhome/itcc/work/temp/sql_update__2.log
2020-03-23 12:03:09 I S002_Shell_001.sh S002_Shell_001.sh is start
2020-03-23 12:03:09 I S002_Shell_001.sh get idleuser start.
2020-03-23 12:03:09 I S002_Shell_001.sh db update start.
2020-03-23 12:03:09 I S002_Shell_001.sh sql_log_name_1=/workhome/itcc/work/temp/sql_update_7628_1.log
2020-03-23 12:03:09 I S002_Shell_001.sh sql_log_name_2=/workhome/itcc/work/temp/sql_update_7628_2.log
2020-03-23 13:47:23 I S002_Shell_001.sh S002_Shell_001.sh is start
2020-03-23 13:47:23 I S002_Shell_001.sh get idleuser start.
2020-03-23 13:47:23 I S002_Shell_001.sh db update start.
2020-03-23 13:47:23 I S002_Shell_001.sh sql_log_name_1=/workhome/itcc/work/temp/sql_update_7629_1.log
2020-03-23 13:47:23 I S002_Shell_001.sh sql_log_name_2=/workhome/itcc/work/temp/sql_update_7629_2.log
2020-03-23 14:00:15 I S002_Shell_001.sh S002_Shell_001.sh is start
2020-03-23 14:00:15 I S002_Shell_001.sh get idleuser start.
2020-03-23 14:00:15 I S002_Shell_001.sh db update start.
2020-03-23 14:00:15 I S002_Shell_001.sh sql_log_name_1=/workhome/itcc/work/temp/sql_update_7637_1.log
2020-03-23 14:00:15 I S002_Shell_001.sh sql_log_name_2=/workhome/itcc/work/temp/sql_update_7637_2.log
2020-03-23 14:48:29 I S002_Shell_001.sh S002_Shell_001.sh is start
2020-03-23 14:48:29 I S002_Shell_001.sh get idleuser start.
2020-03-23 14:48:29 I S002_Shell_001.sh db update start.
2020-03-23 14:48:29 I S002_Shell_001.sh sql_log_name_1=/workhome/itcc/work/temp/sql_update_7640_1.log
2020-03-23 14:48:29 I S002_Shell_001.sh sql_log_name_2=/workhome/itcc/work/temp/sql_update_7640_2.log
2020-03-23 16:06:23 I S002_Shell_001.sh S002_Shell_001.sh is start
2020-03-23 16:06:23 I S002_Shell_001.sh get idleuser start.
2020-03-23 16:06:23 I S002_Shell_001.sh db update start.
2020-03-23 16:06:23 I S002_Shell_001.sh sql_log_name_1=/workhome/itcc/work/temp/sql_update_7648_1.log
2020-03-23 16:06:23 I S002_Shell_001.sh sql_log_name_2=/workhome/itcc/work/temp/sql_update_7648_2.log
2020-03-23 16:40:38 I S002_Shell_001.sh S002_Shell_001.sh is start
2020-03-23 16:40:38 I S002_Shell_001.sh get idleuser start.
2020-03-23 16:40:38 I S002_Shell_001.sh db update start.
2020-03-23 16:40:38 I S002_Shell_001.sh sql_log_name_1=/workhome/itcc/work/temp/sql_update_7650_1.log
2020-03-23 16:40:38 I S002_Shell_001.sh sql_log_name_2=/workhome/itcc/work/temp/sql_update_7650_2.log
2020-03-23 16:48:38 I S002_Shell_001.sh S002_Shell_001.sh is start
2020-03-23 16:48:38 I S002_Shell_001.sh get idleuser start.
2020-03-23 16:48:38 I S002_Shell_001.sh db update start.
2020-03-23 16:48:38 I S002_Shell_001.sh sql_log_name_1=/workhome/itcc/work/temp/sql_update_7652_1.log
2020-03-23 16:48:38 I S002_Shell_001.sh sql_log_name_2=/workhome/itcc/work/temp/sql_update_7652_2.log
2020-03-23 17:10:41 I S002_Shell_001.sh S002_Shell_001.sh is start
2020-03-23 17:10:41 I S002_Shell_001.sh get idleuser start.
2020-03-23 17:10:41 I S002_Shell_001.sh db update start.
2020-03-23 17:10:41 I S002_Shell_001.sh sql_log_name_1=/workhome/itcc/work/temp/sql_update_7653_1.log
2020-03-23 17:10:41 I S002_Shell_001.sh sql_log_name_2=/workhome/itcc/work/temp/sql_update_7653_2.log
2020-03-23 17:56:45 I S002_Shell_001.sh S002_Shell_001.sh is start
2020-03-23 17:56:45 I S002_Shell_001.sh get idleuser start.
2020-03-23 17:56:45 I S002_Shell_001.sh db update start.
2020-03-23 17:56:45 I S002_Shell_001.sh sql_log_name_1=/workhome/itcc/work/temp/sql_update_7656_1.log
2020-03-23 17:56:45 I S002_Shell_001.sh sql_log_name_2=/workhome/itcc/work/temp/sql_update_7656_2.log
2020-03-23 18:30:48 I S002_Shell_001.sh S002_Shell_001.sh is start
2020-03-23 18:30:48 I S002_Shell_001.sh get idleuser start.
2020-03-23 18:30:48 I S002_Shell_001.sh db update start.
2020-03-23 18:30:48 I S002_Shell_001.sh sql_log_name_1=/workhome/itcc/work/temp/sql_update_7663_1.log
2020-03-23 18:30:48 I S002_Shell_001.sh sql_log_name_2=/workhome/itcc/work/temp/sql_update_7663_2.log
2020-03-23 18:56:49 I S002_Shell_001.sh S002_Shell_001.sh is start
2020-03-23 18:56:49 I S002_Shell_001.sh get idleuser start.
2020-03-23 18:56:49 I S002_Shell_001.sh db update start.
2020-03-23 18:56:49 I S002_Shell_001.sh sql_log_name_1=/workhome/itcc/work/temp/sql_update_7665_1.log
2020-03-23 18:56:49 I S002_Shell_001.sh sql_log_name_2=/workhome/itcc/work/temp/sql_update_7665_2.log
2020-03-24 10:36:17 I S002_Shell_001.sh S002_Shell_001.sh is start
2020-03-24 10:36:17 I S002_Shell_001.sh get idleuser start.
2020-03-24 10:36:17 I S002_Shell_001.sh db update start.
2020-03-24 10:36:17 I S002_Shell_001.sh sql_log_name_1=/workhome/itcc/work/temp/sql_update_03_1.log
2020-03-24 10:36:17 I S002_Shell_001.sh sql_log_name_2=/workhome/itcc/work/temp/sql_update_03_2.log
2020-03-24 10:56:13 I S002_Shell_001.sh S002_Shell_001.sh is start
2020-03-24 10:56:13 I S002_Shell_001.sh get idleuser start.
2020-03-24 10:56:13 I S002_Shell_001.sh db update start.
2020-03-24 10:56:13 I S002_Shell_001.sh sql_log_name_1=/workhome/itcc/work/temp/sql_update_03_1.log
2020-03-24 10:56:13 I S002_Shell_001.sh sql_log_name_2=/workhome/itcc/work/temp/sql_update_03_2.log
2020-03-24 11:33:18 I S002_Shell_001.sh S002_Shell_001.sh is start
2020-03-24 11:33:18 I S002_Shell_001.sh get idleuser start.
2020-03-24 11:33:19 I S002_Shell_001.sh db update start.
2020-03-24 11:33:19 I S002_Shell_001.sh sql_log_name_1=/workhome/itcc/work/temp/sql_update_03_1.log
2020-03-24 11:33:19 I S002_Shell_001.sh sql_log_name_2=/workhome/itcc/work/temp/sql_update_03_2.log
2020-03-24 11:52:16 I S002_Shell_001.sh S002_Shell_001.sh is start
2020-03-24 11:52:16 I S002_Shell_001.sh get idleuser start.
2020-03-24 11:52:16 I S002_Shell_001.sh db update start.
2020-03-24 11:52:16 I S002_Shell_001.sh sql_log_name_1=/workhome/itcc/work/temp/sql_update_03_1.log
2020-03-24 11:52:16 I S002_Shell_001.sh sql_log_name_2=/workhome/itcc/work/temp/sql_update_03_2.log
2020-03-24 12:20:06 I S002_Shell_001.sh S002_Shell_001.sh is start
2020-03-24 12:20:06 I S002_Shell_001.sh get idleuser start.
2020-03-24 12:20:07 I S002_Shell_001.sh db update start.
2020-03-24 12:20:07 I S002_Shell_001.sh sql_log_name_1=/workhome/itcc/work/temp/sql_update_03_1.log
2020-03-24 12:20:07 I S002_Shell_001.sh sql_log_name_2=/workhome/itcc/work/temp/sql_update_03_2.log
2020-03-24 15:19:19 I S002_Shell_001.sh S002_Shell_001.sh is start
2020-03-24 15:19:19 I S002_Shell_001.sh get idleuser start.
2020-03-24 15:19:19 I S002_Shell_001.sh db update start.
2020-03-24 15:19:19 I S002_Shell_001.sh sql_log_name_1=/workhome/itcc/work/temp/sql_update_03_1.log
2020-03-24 15:19:19 I S002_Shell_001.sh sql_log_name_2=/workhome/itcc/work/temp/sql_update_03_2.log
2020-03-24 15:52:37 I S002_Shell_001.sh S002_Shell_001.sh is start
2020-03-24 15:52:37 I S002_Shell_001.sh get idleuser start.
2020-03-24 15:52:37 I S002_Shell_001.sh db update start.
2020-03-24 15:52:37 I S002_Shell_001.sh sql_log_name_1=/workhome/itcc/work/temp/sql_update_03_1.log
2020-03-24 15:52:37 I S002_Shell_001.sh sql_log_name_2=/workhome/itcc/work/temp/sql_update_03_2.log
2020-03-24 18:51:56 I S002_Shell_001.sh S002_Shell_001.sh is start
2020-03-24 18:51:56 I S002_Shell_001.sh get idleuser start.
2020-03-24 18:51:57 I S002_Shell_001.sh db update start.
2020-03-24 18:51:57 I S002_Shell_001.sh sql_log_name_1=/workhome/itcc/work/temp/sql_update_03_1.log
2020-03-24 18:51:57 I S002_Shell_001.sh sql_log_name_2=/workhome/itcc/work/temp/sql_update_03_2.log
2020-03-24 19:20:55 I S002_Shell_001.sh S002_Shell_001.sh is start
2020-03-24 19:20:55 I S002_Shell_001.sh get idleuser start.
2020-03-24 19:20:55 I S002_Shell_001.sh db update start.
2020-03-24 19:20:55 I S002_Shell_001.sh sql_log_name_1=/workhome/itcc/work/temp/sql_update_03_1.log
2020-03-24 19:20:55 I S002_Shell_001.sh sql_log_name_2=/workhome/itcc/work/temp/sql_update_03_2.log
2020-03-24 19:43:57 I S002_Shell_001.sh S002_Shell_001.sh is start
2020-03-24 19:43:57 I S002_Shell_001.sh get idleuser start.
2020-03-24 19:43:57 I S002_Shell_001.sh db update start.
2020-03-24 19:43:57 I S002_Shell_001.sh sql_log_name_1=/workhome/itcc/work/temp/sql_update_03_1.log
2020-03-24 19:43:57 I S002_Shell_001.sh sql_log_name_2=/workhome/itcc/work/temp/sql_update_03_2.log
2020-03-24 19:59:59 I S002_Shell_001.sh S002_Shell_001.sh is start
2020-03-24 19:59:59 I S002_Shell_001.sh get idleuser start.
2020-03-24 19:59:59 I S002_Shell_001.sh db update start.
2020-03-24 19:59:59 I S002_Shell_001.sh sql_log_name_1=/workhome/itcc/work/temp/sql_update_03_1.log
2020-03-24 19:59:59 I S002_Shell_001.sh sql_log_name_2=/workhome/itcc/work/temp/sql_update_03_2.log
2020-03-24 20:24:00 I S002_Shell_001.sh S002_Shell_001.sh is start
2020-03-24 20:24:00 I S002_Shell_001.sh get idleuser start.
2020-03-24 20:24:00 I S002_Shell_001.sh db update start.
2020-03-24 20:24:00 I S002_Shell_001.sh sql_log_name_1=/workhome/itcc/work/temp/sql_update_03_1.log
2020-03-24 20:24:00 I S002_Shell_001.sh sql_log_name_2=/workhome/itcc/work/temp/sql_update_03_2.log
2020-03-25 10:48:46 I S002_Shell_001.sh S002_Shell_001.sh is start
2020-03-25 10:48:46 I S002_Shell_001.sh get idleuser start.
2020-03-25 10:48:46 I S002_Shell_001.sh db update start.
2020-03-25 10:48:46 I S002_Shell_001.sh sql_log_name_1=/workhome/itcc/work/temp/sql_update_03_1.log
2020-03-25 10:48:46 I S002_Shell_001.sh sql_log_name_2=/workhome/itcc/work/temp/sql_update_03_2.log
2020-03-25 11:02:37 I S002_Shell_001.sh S002_Shell_001.sh is start
2020-03-25 11:02:37 I S002_Shell_001.sh get idleuser start.
2020-03-25 11:02:37 I S002_Shell_001.sh db update start.
2020-03-25 11:02:37 I S002_Shell_001.sh sql_log_name_1=/workhome/itcc/work/temp/sql_update__1.log
2020-03-25 11:02:37 I S002_Shell_001.sh sql_log_name_2=/workhome/itcc/work/temp/sql_update__2.log
2020-03-25 11:07:53 I S002_Shell_001.sh S002_Shell_001.sh is start
2020-03-25 11:07:53 I S002_Shell_001.sh get idleuser start.
2020-03-25 11:07:53 I S002_Shell_001.sh db update start.
2020-03-25 11:07:53 I S002_Shell_001.sh sql_log_name_1=/workhome/itcc/work/temp/sql_update__1.log
2020-03-25 11:07:53 I S002_Shell_001.sh sql_log_name_2=/workhome/itcc/work/temp/sql_update__2.log
2020-03-25 11:11:37 I S002_Shell_001.sh S002_Shell_001.sh is start
2020-03-25 11:11:37 I S002_Shell_001.sh get idleuser start.
2020-03-25 11:11:37 I S002_Shell_001.sh db update start.
2020-03-25 11:11:37 I S002_Shell_001.sh sql_log_name_1=/workhome/itcc/work/temp/sql_update_03_1.log
2020-03-25 11:11:37 I S002_Shell_001.sh sql_log_name_2=/workhome/itcc/work/temp/sql_update_03_2.log
2020-03-26 13:50:40 I S002_Shell_001.sh S002_Shell_001.sh is start
2020-03-26 13:50:40 I S002_Shell_001.sh get idleuser start.
2020-03-26 13:50:40 I S002_Shell_001.sh db update start.
2020-03-26 13:50:40 I S002_Shell_001.sh sql_log_name_1=/workhome/itcc/work/temp/sql_update_03_1.log
2020-03-26 13:50:40 I S002_Shell_001.sh sql_log_name_2=/workhome/itcc/work/temp/sql_update_03_2.log
