2020-03-11 20:18:17 I shell_transfer.sh shell_transfer.sh is start
2020-03-11 20:18:17 I shell_transfer.sh db select start.
2020-03-13 12:06:29 I shell_transfer.sh shell_transfer.sh is start
2020-03-13 12:06:29 I shell_transfer.sh db select start.
2020-03-13 12:08:32 I shell_transfer.sh shell_transfer.sh is start
2020-03-13 12:08:32 I shell_transfer.sh db select start.
2020-03-13 12:20:29 I shell_transfer.sh shell_transfer.sh is start
2020-03-13 12:20:29 I shell_transfer.sh db select start.
2020-03-13 12:37:39 I shell_transfer.sh shell_transfer.sh is start
2020-03-13 12:37:39 I shell_transfer.sh db select start.
2020-03-13 12:53:06 I shell_transfer.sh shell_transfer.sh is start
2020-03-13 12:53:06 I shell_transfer.sh db select start.
2020-03-13 13:23:29 I shell_transfer.sh shell_transfer.sh is start
2020-03-13 13:23:29 I shell_transfer.sh db select start.
2020-03-13 13:30:26 I shell_transfer.sh shell_transfer.sh is start
2020-03-13 13:30:26 I shell_transfer.sh db select start.
2020-03-13 13:49:14 I shell_transfer.sh shell_transfer.sh is start
2020-03-13 13:49:14 I shell_transfer.sh db select start.
2020-03-13 13:52:19 I shell_transfer.sh shell_transfer.sh is start
2020-03-13 13:52:19 I shell_transfer.sh db select start.
2020-03-13 13:58:09 I shell_transfer.sh shell_transfer.sh is start
2020-03-13 13:58:09 I shell_transfer.sh db select start.
2020-03-13 14:05:17 I shell_transfer.sh shell_transfer.sh is start
2020-03-13 14:05:17 I shell_transfer.sh db select start.
2020-03-13 14:11:54 I shell_transfer.sh shell_transfer.sh is start
2020-03-13 14:11:54 I shell_transfer.sh db select start.
2020-03-13 14:14:34 I shell_transfer.sh shell_transfer.sh is start
2020-03-13 14:14:34 I shell_transfer.sh db select start.
2020-03-13 14:21:13 I shell_transfer.sh shell_transfer.sh is start
2020-03-13 14:21:13 I shell_transfer.sh db select start.
2020-03-13 14:24:46 I shell_transfer.sh shell_transfer.sh is start
2020-03-13 14:24:46 I shell_transfer.sh db select start.
2020-03-13 14:26:11 I shell_transfer.sh shell_transfer.sh is start
2020-03-13 14:26:11 I shell_transfer.sh db select start.
2020-03-13 14:36:47 I shell_transfer.sh shell_transfer.sh is start
2020-03-13 14:36:47 I shell_transfer.sh db select start.
2020-03-13 14:52:59 I shell_transfer.sh shell_transfer.sh is start
2020-03-13 14:52:59 I shell_transfer.sh db select start.
2020-03-13 15:31:53 I shell_transfer.sh shell_transfer.sh is start
2020-03-13 15:31:53 I shell_transfer.sh db select start.
2020-03-13 15:42:54 I shell_transfer.sh shell_transfer.sh is start
2020-03-13 15:42:54 I shell_transfer.sh db select start.
2020-03-13 15:42:55 I shell_transfer.sh sql_log_name_1=/workhome/itcc/work/temp/sql_select_03_1.log
2020-03-13 15:42:55 I shell_transfer.sh sql_log_name_2=/workhome/itcc/work/temp/sql_select_03_2.log
2020-03-13 15:42:55 E shell_transfer.sh db_select_log_analiz check error happen. errOccur=2
2020-03-13 15:42:55 E shell_transfer.sh Error occurs, while running sql_select.sh!
2020-03-13 15:42:55 I shell_transfer.sh shell_transfer.sh is end
2020-03-13 15:58:56 I shell_transfer.sh shell_transfer.sh is start
2020-03-13 15:58:56 I shell_transfer.sh db select start.
2020-03-13 15:58:56 I shell_transfer.sh sql_log_name_1=/workhome/itcc/work/temp/sql_select_03_1.log
2020-03-13 15:58:56 I shell_transfer.sh sql_log_name_2=/workhome/itcc/work/temp/sql_select_03_2.log
2020-03-13 15:58:56 E shell_transfer.sh db_select_log_analiz check error happen. errOccur=2
2020-03-13 15:58:56 E shell_transfer.sh Error occurs, while running sql_select.sh!
2020-03-13 15:58:56 I shell_transfer.sh shell_transfer.sh is end
2020-03-13 16:57:10 I shell_transfer.sh shell_transfer.sh is start
2020-03-13 16:57:11 I shell_transfer.sh db select start.
2020-03-13 16:57:11 I shell_transfer.sh sql_log_name_1=/workhome/itcc/work/temp/sql_select_03_1.log
2020-03-13 16:57:11 I shell_transfer.sh sql_log_name_2=/workhome/itcc/work/temp/sql_select_03_2.log
2020-03-13 16:57:11 E shell_transfer.sh db_select_log_analiz check error happen. errOccur=2
2020-03-13 16:57:11 E shell_transfer.sh Error occurs, while running sql_select.sh!
2020-03-13 16:57:11 I shell_transfer.sh shell_transfer.sh is end
2020-03-13 17:05:38 I shell_transfer.sh shell_transfer.sh is start
2020-03-13 17:05:38 I shell_transfer.sh db select start.
2020-03-13 17:05:38 I shell_transfer.sh sql_log_name_1=/workhome/itcc/work/temp/sql_select_03_1.log
2020-03-13 17:05:38 I shell_transfer.sh sql_log_name_2=/workhome/itcc/work/temp/sql_select_03_2.log
2020-03-13 17:05:38 E shell_transfer.sh db_select_log_analiz check error happen. errOccur=2
2020-03-13 17:05:38 E shell_transfer.sh Error occurs, while running sql_select.sh!
2020-03-13 17:05:38 I shell_transfer.sh shell_transfer.sh is end
2020-03-16 16:48:05 I shell_transfer.sh shell_transfer.sh is start
2020-03-16 16:48:05 I shell_transfer.sh db select start.
2020-03-16 16:48:06 I shell_transfer.sh sql_log_name_1=/workhome/itcc/work/temp/sql_select_03_1.log
2020-03-16 16:48:06 I shell_transfer.sh sql_log_name_2=/workhome/itcc/work/temp/sql_select_03_2.log
2020-03-16 16:48:06 E shell_transfer.sh db_select_log_analiz check error happen. errOccur=2
2020-03-16 16:48:06 E shell_transfer.sh Error occurs, while running sql_select.sh!
2020-03-16 16:48:06 I shell_transfer.sh shell_transfer.sh is end
2020-03-16 17:15:08 I shell_transfer.sh shell_transfer.sh is start
2020-03-16 17:15:08 I shell_transfer.sh db select start.
2020-03-16 17:15:08 I shell_transfer.sh sql_log_name_1=/workhome/itcc/work/temp/sql_select_03_1.log
2020-03-16 17:15:08 I shell_transfer.sh sql_log_name_2=/workhome/itcc/work/temp/sql_select_03_2.log
2020-03-16 17:15:08 I shell_transfer.sh sql_select.sh executed successfully!
2020-03-16 17:15:08 I shell_transfer.sh shell_transfer.sh is end
2020-03-16 17:42:44 I shell_transfer.sh shell_transfer.sh is start
2020-03-16 17:42:44 I shell_transfer.sh db select start.
2020-03-16 17:42:45 I shell_transfer.sh sql_log_name_1=/workhome/itcc/work/temp/sql_select_03_1.log
2020-03-16 17:42:45 I shell_transfer.sh sql_log_name_2=/workhome/itcc/work/temp/sql_select_03_2.log
2020-03-16 17:42:45 I shell_transfer.sh sql_select.sh executed successfully!
2020-03-16 17:42:45 I shell_transfer.sh shell_transfer.sh is end
2020-03-17 11:13:28 I shell_transfer.sh shell_transfer.sh is start
2020-03-17 11:13:28 I shell_transfer.sh db select start.
2020-03-17 11:35:36 I shell_transfer.sh shell_transfer.sh is start
2020-03-17 11:35:36 I shell_transfer.sh db select start.
2020-03-17 11:48:42 I shell_transfer.sh shell_transfer.sh is start
2020-03-17 11:48:42 I shell_transfer.sh db select start.
2020-03-17 12:02:28 I shell_transfer.sh shell_transfer.sh is start
2020-03-17 12:02:28 I shell_transfer.sh db select start.
2020-03-18 12:10:38 I shell_transfer.sh shell_transfer.sh is start
2020-03-18 12:10:38 I shell_transfer.sh db select start.
2020-03-18 12:10:39 I shell_transfer.sh sql_log_name_1=/workhome/itcc/work/temp/sql_select_03_1.log
2020-03-18 12:10:39 I shell_transfer.sh sql_log_name_2=/workhome/itcc/work/temp/sql_select_03_2.log
2020-03-18 12:10:39 I shell_transfer.sh sql_select.sh executed successfully!
2020-03-18 12:10:40 I shell_transfer.sh shell_transfer.sh is end
2020-03-18 12:30:29 I shell_transfer.sh shell_transfer.sh is start
2020-03-18 12:30:29 I shell_transfer.sh db select start.
2020-03-18 12:30:30 I shell_transfer.sh sql_log_name_1=/workhome/itcc/work/temp/sql_select_03_1.log
2020-03-18 12:30:30 I shell_transfer.sh sql_log_name_2=/workhome/itcc/work/temp/sql_select_03_2.log
2020-03-18 12:30:30 I shell_transfer.sh sql_select.sh executed successfully!
2020-03-18 12:30:30 I shell_transfer.sh shell_transfer.sh is end
2020-03-18 12:50:19 I shell_transfer.sh shell_transfer.sh is start
2020-03-18 12:50:19 I shell_transfer.sh db select start.
2020-03-18 12:50:19 I shell_transfer.sh sql_log_name_1=/workhome/itcc/work/temp/sql_select_03_1.log
2020-03-18 12:50:19 I shell_transfer.sh sql_log_name_2=/workhome/itcc/work/temp/sql_select_03_2.log
2020-03-18 12:50:19 I shell_transfer.sh sql_select.sh executed successfully!
2020-03-18 12:50:19 I shell_transfer.sh shell_transfer.sh is end
2020-03-18 17:38:12 I shell_transfer.sh shell_transfer.sh is start
2020-03-18 17:38:12 I shell_transfer.sh db select start.
2020-03-18 17:38:13 I shell_transfer.sh sql_log_name_1=/workhome/itcc/work/temp/sql_select_03_1.log
2020-03-18 17:38:13 I shell_transfer.sh sql_log_name_2=/workhome/itcc/work/temp/sql_select_03_2.log
2020-03-18 17:38:13 I shell_transfer.sh sql_select.sh executed successfully!
2020-03-18 17:38:13 I shell_transfer.sh shell_transfer.sh is end
2020-03-18 17:42:56 I shell_transfer.sh shell_transfer.sh is start
2020-03-18 17:42:56 I shell_transfer.sh db select start.
2020-03-18 17:42:57 I shell_transfer.sh sql_log_name_1=/workhome/itcc/work/temp/sql_select_03_1.log
2020-03-18 17:42:57 I shell_transfer.sh sql_log_name_2=/workhome/itcc/work/temp/sql_select_03_2.log
2020-03-18 17:42:57 I shell_transfer.sh sql_select.sh executed successfully!
2020-03-18 17:42:57 I shell_transfer.sh shell_transfer.sh is end
